Could Not Get Terminal. Make Sure You're Using A Terminal Emulator And Not A Socket (ex: vim)
         87807 function calls (84437 primitive calls) in 0.225 seconds

   Ordered by: standard name

   ncalls  tottime  percall  cumtime  percall filename:lineno(function)
        1    0.000    0.000    0.000    0.000 <__array_function__ internals>:2(<module>)
        1    0.000    0.000    0.000    0.000 <__array_function__ internals>:2(any)
        1    0.000    0.000    0.000    0.000 <__array_function__ internals>:2(concatenate)
        2    0.000    0.000    0.000    0.000 <__array_function__ internals>:2(copyto)
        1    0.000    0.000    0.000    0.000 <__array_function__ internals>:2(dot)
        1    0.000    0.000    0.000    0.000 <__array_function__ internals>:2(empty_like)
        1    0.000    0.000    0.000    0.000 <__array_function__ internals>:2(inv)
        1    0.000    0.000    0.000    0.000 <__array_function__ internals>:2(linspace)
        1    0.000    0.000    0.000    0.000 <__array_function__ internals>:2(lstsq)
        1    0.000    0.000    0.000    0.000 <__array_function__ internals>:2(ndim)
        1    0.000    0.000    0.000    0.000 <__array_function__ internals>:2(outer)
        1    0.000    0.000    0.001    0.001 <__array_function__ internals>:2(polyfit)
        1    0.000    0.000    0.000    0.000 <__array_function__ internals>:2(polyval)
        1    0.000    0.000    0.000    0.000 <__array_function__ internals>:2(result_type)
        1    0.000    0.000    0.000    0.000 <__array_function__ internals>:2(vander)
        1    0.000    0.000    0.000    0.000 <__array_function__ internals>:2(zeros_like)
   773/42    0.001    0.000    0.158    0.004 <frozen importlib._bootstrap>:1009(_handle_fromlist)
      506    0.001    0.000    0.001    0.000 <frozen importlib._bootstrap>:103(release)
      181    0.000    0.000    0.000    0.000 <frozen importlib._bootstrap>:143(__init__)
      181    0.000    0.000    0.003    0.000 <frozen importlib._bootstrap>:147(__enter__)
      181    0.000    0.000    0.001    0.000 <frozen importlib._bootstrap>:151(__exit__)
      506    0.002    0.000    0.003    0.000 <frozen importlib._bootstrap>:157(_get_module_lock)
      179    0.000    0.000    0.000    0.000 <frozen importlib._bootstrap>:176(cb)
      325    0.000    0.000    0.002    0.000 <frozen importlib._bootstrap>:194(_lock_unlock_module)
    255/3    0.000    0.000    0.224    0.075 <frozen importlib._bootstrap>:211(_call_with_frames_removed)
     1793    0.001    0.000    0.001    0.000 <frozen importlib._bootstrap>:222(_verbose_message)
        1    0.000    0.000    0.000    0.000 <frozen importlib._bootstrap>:232(_requires_builtin_wrapper)
      164    0.000    0.000    0.000    0.000 <frozen importlib._bootstrap>:307(__init__)
      164    0.000    0.000    0.000    0.000 <frozen importlib._bootstrap>:311(__enter__)
      164    0.000    0.000    0.001    0.000 <frozen importlib._bootstrap>:318(__exit__)
      656    0.000    0.000    0.000    0.000 <frozen importlib._bootstrap>:321(<genexpr>)
      132    0.000    0.000    0.000    0.000 <frozen importlib._bootstrap>:35(_new_module)
      172    0.000    0.000    0.000    0.000 <frozen importlib._bootstrap>:369(__init__)
      295    0.000    0.000    0.002    0.000 <frozen importlib._bootstrap>:403(cached)
      375    0.000    0.000    0.000    0.000 <frozen importlib._bootstrap>:416(parent)
      164    0.000    0.000    0.000    0.000 <frozen importlib._bootstrap>:424(has_location)
        1    0.000    0.000    0.000    0.000 <frozen importlib._bootstrap>:433(spec_from_loader)
      164    0.001    0.000    0.004    0.000 <frozen importlib._bootstrap>:504(_init_module_attrs)
   164/17    0.000    0.000    0.215    0.013 <frozen importlib._bootstrap>:576(module_from_spec)
      179    0.000    0.000    0.000    0.000 <frozen importlib._bootstrap>:58(__init__)
    164/3    0.001    0.000    0.225    0.075 <frozen importlib._bootstrap>:663(_load_unlocked)
      172    0.000    0.000    0.000    0.000 <frozen importlib._bootstrap>:719(find_spec)
        1    0.000    0.000    0.000    0.000 <frozen importlib._bootstrap>:740(create_module)
        1    0.000    0.000    0.000    0.000 <frozen importlib._bootstrap>:748(exec_module)
        1    0.000    0.000    0.000    0.000 <frozen importlib._bootstrap>:765(is_package)
      506    0.001    0.000    0.001    0.000 <frozen importlib._bootstrap>:78(acquire)
      171    0.000    0.000    0.000    0.000 <frozen importlib._bootstrap>:792(find_spec)
      514    0.000    0.000    0.000    0.000 <frozen importlib._bootstrap>:855(__enter__)
      514    0.000    0.000    0.000    0.000 <frozen importlib._bootstrap>:859(__exit__)
      172    0.001    0.000    0.024    0.000 <frozen importlib._bootstrap>:882(_find_spec)
        8    0.000    0.000    0.000    0.000 <frozen importlib._bootstrap>:929(_sanity_check)
    180/3    0.001    0.000    0.226    0.075 <frozen importlib._bootstrap>:948(_find_and_load_unlocked)
    181/3    0.001    0.000    0.226    0.075 <frozen importlib._bootstrap>:978(_find_and_load)
      8/7    0.000    0.000    0.002    0.000 <frozen importlib._bootstrap>:994(_gcd_import)
       31    0.000    0.000    0.000    0.000 <frozen importlib._bootstrap_external>:1029(__init__)
     31/2    0.000    0.000    0.215    0.107 <frozen importlib._bootstrap_external>:1040(create_module)
    31/21    0.000    0.000    0.014    0.001 <frozen importlib._bootstrap_external>:1048(exec_module)
       16    0.000    0.000    0.001    0.000 <frozen importlib._bootstrap_external>:1190(_path_hooks)
      388    0.000    0.000    0.004    0.000 <frozen importlib._bootstrap_external>:1203(_path_importer_cache)
      171    0.001    0.000    0.021    0.000 <frozen importlib._bootstrap_external>:1240(_get_spec)
      171    0.000    0.000    0.021    0.000 <frozen importlib._bootstrap_external>:1272(find_spec)
       16    0.000    0.000    0.000    0.000 <frozen importlib._bootstrap_external>:1319(__init__)
      128    0.000    0.000    0.000    0.000 <frozen importlib._bootstrap_external>:1325(<genexpr>)
      163    0.000    0.000    0.001    0.000 <frozen importlib._bootstrap_external>:1351(_get_spec)
      330    0.003    0.000    0.016    0.000 <frozen importlib._bootstrap_external>:1356(find_spec)
       16    0.000    0.000    0.002    0.000 <frozen importlib._bootstrap_external>:1404(_fill_cache)
       16    0.000    0.000    0.000    0.000 <frozen importlib._bootstrap_external>:1433(<setcomp>)
       16    0.000    0.000    0.001    0.000 <frozen importlib._bootstrap_external>:1445(path_hook_for_FileFinder)
      264    0.001    0.000    0.002    0.000 <frozen importlib._bootstrap_external>:271(cache_from_source)
      330    0.000    0.000    0.000    0.000 <frozen importlib._bootstrap_external>:36(_relax_case)
      163    0.000    0.000    0.002    0.000 <frozen importlib._bootstrap_external>:369(_get_cached)
      132    0.000    0.000    0.000    0.000 <frozen importlib._bootstrap_external>:401(_check_name_wrapper)
      132    0.000    0.000    0.001    0.000 <frozen importlib._bootstrap_external>:438(_classify_pyc)
      132    0.000    0.000    0.000    0.000 <frozen importlib._bootstrap_external>:471(_validate_timestamp_pyc)
      396    0.000    0.000    0.000    0.000 <frozen importlib._bootstrap_external>:51(_r_long)
      132    0.000    0.000    0.017    0.000 <frozen importlib._bootstrap_external>:523(_compile_bytecode)
     1682    0.001    0.000    0.004    0.000 <frozen importlib._bootstrap_external>:56(_path_join)
      163    0.001    0.000    0.001    0.000 <frozen importlib._bootstrap_external>:574(spec_from_file_location)
     1682    0.001    0.000    0.002    0.000 <frozen importlib._bootstrap_external>:58(<listcomp>)
      264    0.000    0.000    0.000    0.000 <frozen importlib._bootstrap_external>:62(_path_split)
      132    0.000    0.000    0.000    0.000 <frozen importlib._bootstrap_external>:719(create_module)
    132/3    0.001    0.000    0.225    0.075 <frozen importlib._bootstrap_external>:722(exec_module)
      710    0.000    0.000    0.008    0.000 <frozen importlib._bootstrap_external>:74(_path_stat)
      132    0.001    0.000    0.029    0.000 <frozen importlib._bootstrap_external>:793(get_code)
      248    0.000    0.000    0.002    0.000 <frozen importlib._bootstrap_external>:84(_path_is_mode_type)
      132    0.000    0.000    0.000    0.000 <frozen importlib._bootstrap_external>:884(__init__)
      132    0.000    0.000    0.000    0.000 <frozen importlib._bootstrap_external>:909(get_filename)
      132    0.005    0.000    0.008    0.000 <frozen importlib._bootstrap_external>:914(get_data)
      232    0.000    0.000    0.002    0.000 <frozen importlib._bootstrap_external>:93(_path_isfile)
      132    0.000    0.000    0.001    0.000 <frozen importlib._bootstrap_external>:951(path_stats)
       16    0.000    0.000    0.000    0.000 <frozen importlib._bootstrap_external>:98(_path_isdir)
        1    0.000    0.000    0.000    0.000 <string>:1(<module>)
        1    0.000    0.000    0.000    0.000 <string>:1(__new__)
        1    0.000    0.000    0.000    0.000 __config__.py:3(<module>)
        7    0.000    0.000    0.003    0.000 __init__.py:1(<module>)
        1    0.000    0.000    0.013    0.013 __init__.py:10(<module>)
        1    0.000    0.000    0.000    0.000 __init__.py:102(Bool)
        1    0.000    0.000    0.000    0.000 __init__.py:106(Int)
        1    0.000    0.000    0.163    0.163 __init__.py:108(<module>)
        2    0.000    0.000    0.000    0.000 __init__.py:108(load_first_config)
        7    0.000    0.000    0.003    0.000 __init__.py:109(import_module)
        1    0.000    0.000    0.002    0.002 __init__.py:11(<module>)
        1    0.000    0.000    0.000    0.000 __init__.py:110(Double)
        1    0.000    0.000    0.000    0.000 __init__.py:114(Float)
        1    0.000    0.000    0.004    0.004 __init__.py:115(<module>)
        1    0.000    0.000    0.000    0.000 __init__.py:118(String)
        1    0.000    0.000    0.000    0.000 __init__.py:122(Point)
        1    0.000    0.000    0.017    0.017 __init__.py:125(<module>)
        1    0.000    0.000    0.000    0.000 __init__.py:126(Point2f)
        1    0.000    0.000    0.026    0.026 __init__.py:13(<module>)
        1    0.000    0.000    0.000    0.000 __init__.py:130(Size)
        1    0.000    0.000    0.000    0.000 __init__.py:134(Rect)
        1    0.000    0.000    0.000    0.000 __init__.py:138(Scalar)
       14    0.000    0.000    0.000    0.000 __init__.py:139(_check_size)
        1    0.000    0.000    0.000    0.000 __init__.py:142(Mat)
        1    0.000    0.000    0.000    0.000 __init__.py:146(GMat)
        1    0.000    0.000    0.000    0.000 __init__.py:150(Prim)
        1    0.000    0.000    0.000    0.000 __init__.py:151(py_object)
        1    0.000    0.000    0.000    0.000 __init__.py:154(Any)
        1    0.000    0.000    0.000    0.000 __init__.py:160(c_short)
        1    0.000    0.000    0.000    0.000 __init__.py:164(c_ushort)
     2266    0.000    0.000    0.000    0.000 __init__.py:167(<lambda>)
        1    0.000    0.000    0.000    0.000 __init__.py:168(c_long)
        1    0.000    0.000    0.000    0.000 __init__.py:172(c_ulong)
        1    0.000    0.000    0.000    0.000 __init__.py:181(c_int)
        1    0.000    0.000    0.000    0.000 __init__.py:185(c_uint)
        1    0.000    0.000    0.000    0.000 __init__.py:189(c_float)
        1    0.000    0.000    0.000    0.000 __init__.py:193(c_double)
        1    0.000    0.000    0.000    0.000 __init__.py:194(<dictcomp>)
        1    0.000    0.000    0.000    0.000 __init__.py:197(c_longdouble)
        1    0.000    0.000    0.003    0.003 __init__.py:201(<module>)
        1    0.000    0.000    0.000    0.000 __init__.py:218(c_ubyte)
        1    0.000    0.000    0.000    0.000 __init__.py:225(c_byte)
        1    0.000    0.000    0.000    0.000 __init__.py:230(c_char)
        1    0.000    0.000    0.000    0.000 __init__.py:235(c_char_p)
        1    0.000    0.000    0.000    0.000 __init__.py:241(c_void_p)
        1    0.000    0.000    0.000    0.000 __init__.py:246(c_bool)
        1    0.000    0.000    0.000    0.000 __init__.py:251(c_wchar_p)
        1    0.000    0.000    0.000    0.000 __init__.py:256(<dictcomp>)
        1    0.000    0.000    0.000    0.000 __init__.py:256(c_wchar)
        1    0.000    0.000    0.000    0.000 __init__.py:259(_reset_cache)
        3    0.000    0.000    0.000    0.000 __init__.py:299(loads)
        2    0.001    0.000    0.228    0.114 __init__.py:3(<module>)
       18    0.001    0.000    0.003    0.000 __init__.py:316(namedtuple)
        1    0.000    0.000    0.000    0.000 __init__.py:319(CDLL)
        6    0.000    0.000    0.003    0.000 __init__.py:32(__load_extra_py_code_for_module)
        1    0.000    0.000    0.000    0.000 __init__.py:337(_sanity_check)
        1    0.000    0.000    0.000    0.000 __init__.py:340(__init__)
        1    0.000    0.000    0.000    0.000 __init__.py:358(_FuncPtr)
        1    0.000    0.000    0.001    0.001 __init__.py:363(_mac_os_check)
        1    0.000    0.000    0.000    0.000 __init__.py:387(PyDLL)
      103    0.000    0.000    0.000    0.000 __init__.py:388(<genexpr>)
        1    0.000    0.000    0.011    0.011 __init__.py:41(<module>)
        1    0.000    0.000    0.000    0.000 __init__.py:427(LibraryLoader)
        2    0.000    0.000    0.000    0.000 __init__.py:428(__init__)
        1    0.000    0.000    0.000    0.000 __init__.py:44(GOpaque)
        3    0.000    0.000    0.000    0.000 __init__.py:489(PYFUNCTYPE)
        3    0.000    0.000    0.000    0.000 __init__.py:490(CFunctionType)
      134    0.000    0.000    0.000    0.000 __init__.py:51(<lambda>)
        1    0.000    0.000    0.000    0.000 __init__.py:51(Bool)
        1    0.000    0.000    0.000    0.000 __init__.py:55(Int)
        1    0.000    0.000    0.000    0.000 __init__.py:58(__collect_extra_submodules)
        1    0.000    0.000    0.000    0.000 __init__.py:59(Double)
       16    0.000    0.000    0.000    0.000 __init__.py:59(modules_filter)
        1    0.000    0.000    0.000    0.000 __init__.py:63(Float)
        1    0.000    0.000    0.000    0.000 __init__.py:67(String)
        1    0.000    0.000    0.091    0.091 __init__.py:7(<module>)
        8    0.000    0.000    0.000    0.000 __init__.py:7(register)
        1    0.000    0.000    0.005    0.005 __init__.py:71(<module>)
        1    0.000    0.000    0.000    0.000 __init__.py:71(Point)
        3    0.000    0.000    0.000    0.000 __init__.py:73(CFUNCTYPE)
        1    0.000    0.000    0.000    0.000 __init__.py:75(Point2f)
        1    0.001    0.001    0.006    0.006 __init__.py:77(bootstrap)
        1    0.000    0.000    0.000    0.000 __init__.py:79(Size)
        8    0.000    0.000    0.000    0.000 __init__.py:8(parameterized)
        1    0.000    0.000    0.000    0.000 __init__.py:83(Rect)
        1    0.000    0.000    0.000    0.000 __init__.py:87(Prim)
        1    0.000    0.000    0.000    0.000 __init__.py:9(Mat)
        1    0.000    0.000    0.000    0.000 __init__.py:91(Any)
        1    0.000    0.000    0.000    0.000 __init__.py:95(GArray)
        1    0.000    0.000    0.003    0.003 __init__.py:97(<module>)
        3    0.000    0.000    0.000    0.000 __init__.py:99(CFunctionType)
        1    0.000    0.000    0.004    0.004 _add_newdocs.py:10(<module>)
       52    0.000    0.000    0.000    0.000 _add_newdocs.py:6230(refer_to_array_attribute)
        1    0.000    0.000    0.000    0.000 _add_newdocs_scalars.py:17(numeric_type_aliases)
       18    0.000    0.000    0.000    0.000 _add_newdocs_scalars.py:18(type_aliases_gen)
        1    0.000    0.000    0.027    0.027 _add_newdocs_scalars.py:5(<module>)
       24    0.000    0.000    0.008    0.000 _add_newdocs_scalars.py:55(add_newdoc_for_scalar_type)
       34    0.000    0.000    0.000    0.000 _add_newdocs_scalars.py:61(<genexpr>)
       41    0.000    0.000    0.008    0.000 _add_newdocs_scalars.py:62(<genexpr>)
        1    0.000    0.000    0.000    0.000 _asarray.py:5(<module>)
        3    0.000    0.000    0.000    0.000 _bootlocale.py:33(getpreferredencoding)
        1    0.000    0.000    0.000    0.000 _collections_abc.py:349(__subclasshook__)
        3    0.000    0.000    0.000    0.000 _collections_abc.py:657(get)
        2    0.000    0.000    0.000    0.000 _collections_abc.py:664(__contains__)
        2    0.000    0.000    0.000    0.000 _collections_abc.py:72(_check_methods)
       43    0.000    0.000    0.000    0.000 _compat_pickle.py:165(<genexpr>)
       85    0.000    0.000    0.000    0.000 _compat_pickle.py:167(<genexpr>)
        1    0.000    0.000    0.000    0.000 _compat_pickle.py:9(<module>)
        1    0.000    0.000    0.000    0.000 _datasource.py:196(DataSource)
        1    0.000    0.000    0.000    0.000 _datasource.py:36(<module>)
        1    0.000    0.000    0.000    0.000 _datasource.py:536(Repository)
        1    0.000    0.000    0.000    0.000 _datasource.py:74(_FileOpeners)
        1    0.000    0.000    0.000    0.000 _datasource.py:99(__init__)
        1    0.000    0.000    0.000    0.000 _distributor_init.py:10(<module>)
       16    0.000    0.000    0.000    0.000 _dtype.py:24(_kind_name)
        1    0.000    0.000    0.000    0.000 _dtype.py:5(<module>)
       13    0.000    0.000    0.000    0.000 _dtype_ctypes.py:100(dtype_from_ctypes_type)
        1    0.000    0.000    0.000    0.000 _dtype_ctypes.py:24(<module>)
       13    0.000    0.000    0.000    0.000 _dtype_ctypes.py:71(_from_ctypes_scalar)
        1    0.000    0.000    0.000    0.000 _endian.py:1(<module>)
        1    0.000    0.000    0.000    0.000 _endian.py:23(_swapped_meta)
        1    0.000    0.000    0.000    0.000 _endian.py:46(BigEndianStructure)
        1    0.000    0.000    0.000    0.000 _exceptions.py:118(TooHardError)
        1    0.000    0.000    0.000    0.000 _exceptions.py:123(AxisError)
        1    0.000    0.000    0.000    0.000 _exceptions.py:141(_ArrayMemoryError)
        6    0.000    0.000    0.000    0.000 _exceptions.py:17(_display_as_base)
        1    0.000    0.000    0.000    0.000 _exceptions.py:32(UFuncTypeError)
        1    0.000    0.000    0.000    0.000 _exceptions.py:38(_UFuncBinaryResolutionError)
        1    0.000    0.000    0.000    0.000 _exceptions.py:54(_UFuncNoLoopError)
        1    0.000    0.000    0.000    0.000 _exceptions.py:7(<module>)
        1    0.000    0.000    0.000    0.000 _exceptions.py:72(_UFuncCastingError)
        1    0.000    0.000    0.000    0.000 _exceptions.py:81(_UFuncInputCastingError)
        1    0.000    0.000    0.000    0.000 _exceptions.py:99(_UFuncOutputCastingError)
        1    0.000    0.000    0.000    0.000 _globals.py:17(<module>)
        1    0.000    0.000    0.000    0.000 _globals.py:30(ModuleDeprecationWarning)
        1    0.000    0.000    0.000    0.000 _globals.py:44(VisibleDeprecationWarning)
        1    0.000    0.000    0.000    0.000 _globals.py:57(_NoValueType)
        1    0.000    0.000    0.000    0.000 _globals.py:77(__new__)
        9    0.000    0.000    0.000    0.000 _globals.py:87(__repr__)
      616    0.000    0.000    0.000    0.000 _inspect.py:13(ismethod)
       90    0.000    0.000    0.000    0.000 _inspect.py:131(strseq)
       40    0.000    0.000    0.000    0.000 _inspect.py:140(formatargspec)
       15    0.000    0.000    0.000    0.000 _inspect.py:142(<lambda>)
       16    0.000    0.000    0.000    0.000 _inspect.py:143(<lambda>)
       59    0.000    0.000    0.000    0.000 _inspect.py:144(<lambda>)
      616    0.000    0.000    0.000    0.000 _inspect.py:26(isfunction)
      612    0.000    0.000    0.000    0.000 _inspect.py:41(iscode)
      612    0.002    0.000    0.002    0.000 _inspect.py:65(getargs)
        1    0.000    0.000    0.000    0.000 _inspect.py:7(<module>)
      616    0.001    0.000    0.003    0.000 _inspect.py:96(getargspec)
        1    0.000    0.000    0.000    0.000 _internal.py:205(dummy_ctype)
        1    0.000    0.000    0.000    0.000 _internal.py:217(_getintp_ctype)
        1    0.000    0.000    0.000    0.000 _internal.py:240(_missing_ctypes)
        1    0.000    0.000    0.000    0.000 _internal.py:244(c_void_p)
        1    0.000    0.000    0.000    0.000 _internal.py:249(_ctypes)
        1    0.000    0.000    0.000    0.000 _internal.py:559(_Stream)
        1    0.000    0.000    0.005    0.005 _internal.py:6(<module>)
       50    0.000    0.000    0.000    0.000 _internal.py:815(_ufunc_doc_signature_formatter)
       78    0.000    0.000    0.000    0.000 _internal.py:826(<genexpr>)
       13    0.000    0.000    0.000    0.000 _internal.py:863(npy_ctypes_check)
        1    0.000    0.000    0.000    0.000 _internal.py:881(recursive)
        1    0.000    0.000    0.000    0.000 _iotools.py:134(LineSplitter)
        1    0.000    0.000    0.000    0.000 _iotools.py:230(NameValidator)
        1    0.000    0.000    0.000    0.000 _iotools.py:3(<module>)
        1    0.000    0.000    0.000    0.000 _iotools.py:422(ConverterError)
        1    0.000    0.000    0.000    0.000 _iotools.py:430(ConverterLockError)
        1    0.000    0.000    0.000    0.000 _iotools.py:438(ConversionWarning)
        1    0.000    0.000    0.000    0.000 _iotools.py:451(StringConverter)
        1    0.000    0.000    0.000    0.000 _methods.py:46(_sum)
        1    0.000    0.000    0.001    0.001 _methods.py:5(<module>)
        1    0.000    0.000    0.000    0.000 _methods.py:54(_any)
        1    0.000    0.000    0.017    0.017 _pickle.py:1(<module>)
        1    0.000    0.000    0.002    0.002 _pocketfft.py:29(<module>)
        1    0.000    0.000    0.000    0.000 _polybase.py:18(ABCPolyBase)
        1    0.000    0.000    0.000    0.000 _polybase.py:8(<module>)
        1    0.000    0.000    0.000    0.000 _pytesttester.py:29(<module>)
        1    0.000    0.000    0.000    0.000 _pytesttester.py:48(PytestTester)
        9    0.000    0.000    0.000    0.000 _pytesttester.py:78(__init__)
        1    0.000    0.000    0.000    0.000 _sitebuiltins.py:19(__call__)
       49    0.000    0.000    0.000    0.000 _string_helpers.py:16(english_lower)
        1    0.000    0.000    0.000    0.000 _string_helpers.py:5(<module>)
        1    0.000    0.000    0.000    0.000 _string_helpers.py:9(<listcomp>)
        1    0.000    0.000    0.000    0.000 _type_aliases.py:130(_add_integer_aliases)
        1    0.000    0.000    0.000    0.000 _type_aliases.py:158(_set_up_aliases)
        1    0.000    0.000    0.001    0.001 _type_aliases.py:18(<module>)
       30    0.000    0.000    0.000    0.000 _type_aliases.py:203(_add_array_type)
        1    0.000    0.000    0.000    0.000 _type_aliases.py:211(_set_array_types)
        1    0.000    0.000    0.000    0.000 _type_aliases.py:41(<setcomp>)
       16    0.000    0.000    0.000    0.000 _type_aliases.py:44(_bits_of)
       32    0.000    0.000    0.000    0.000 _type_aliases.py:46(<genexpr>)
       16    0.000    0.000    0.000    0.000 _type_aliases.py:58(bitname)
        1    0.000    0.000    0.000    0.000 _type_aliases.py:74(_add_types)
        6    0.000    0.000    0.000    0.000 _type_aliases.py:92(<genexpr>)
        1    0.000    0.000    0.000    0.000 _type_aliases.py:94(_add_aliases)
        8    0.000    0.000    0.000    0.000 _ufunc_config.py:131(geterr)
        1    0.000    0.000    0.000    0.000 _ufunc_config.py:29(<dictcomp>)
        8    0.000    0.000    0.000    0.000 _ufunc_config.py:32(seterr)
        1    0.000    0.000    0.000    0.000 _ufunc_config.py:359(_unspecified)
        1    0.000    0.000    0.000    0.000 _ufunc_config.py:366(errstate)
        4    0.000    0.000    0.000    0.000 _ufunc_config.py:425(__init__)
        4    0.000    0.000    0.000    0.000 _ufunc_config.py:429(__enter__)
        4    0.000    0.000    0.000    0.000 _ufunc_config.py:434(__exit__)
        1    0.000    0.000    0.000    0.000 _ufunc_config.py:440(_setdef)
        1    0.000    0.000    0.001    0.001 _ufunc_config.py:5(<module>)
        1    0.000    0.000    0.000    0.000 _version.py:14(NumpyVersion)
        3    0.000    0.000    0.000    0.000 _version.py:20(get_versions)
        2    0.000    0.000    0.003    0.002 _version.py:7(<module>)
        1    0.000    0.000    0.000    0.000 _weakrefset.py:36(__init__)
        1    0.000    0.000    0.000    0.000 _weakrefset.py:81(add)
        1    0.000    0.000    0.000    0.000 abc.py:1(<module>)
       23    0.000    0.000    0.001    0.000 abc.py:125(__new__)
       11    0.000    0.000    0.000    0.000 abc.py:130(register)
        1    0.000    0.000    0.000    0.000 abc.py:137(__instancecheck__)
    22/12    0.000    0.000    0.000    0.000 abc.py:141(__subclasscheck__)
       63    0.000    0.000    0.000    0.000 abc.py:7(abstractmethod)
        1    0.000    0.000    0.000    0.000 argparse.py:1005(_CountAction)
        1    0.000    0.000    0.000    0.000 argparse.py:1028(_HelpAction)
        1    0.000    0.000    0.000    0.000 argparse.py:1047(_VersionAction)
        1    0.000    0.000    0.000    0.000 argparse.py:105(_AttributeHolder)
        1    0.000    0.000    0.000    0.000 argparse.py:1073(_SubParsersAction)
        1    0.000    0.000    0.000    0.000 argparse.py:1075(_ChoicesPseudoAction)
        1    0.000    0.000    0.000    0.000 argparse.py:1171(FileType)
        1    0.000    0.000    0.000    0.000 argparse.py:1225(Namespace)
        1    0.000    0.000    0.000    0.000 argparse.py:1245(_ActionsContainer)
        1    0.000    0.000    0.000    0.000 argparse.py:152(HelpFormatter)
        1    0.000    0.000    0.000    0.000 argparse.py:1552(_ArgumentGroup)
        1    0.000    0.000    0.000    0.000 argparse.py:1586(_MutuallyExclusiveGroup)
        1    0.000    0.000    0.000    0.000 argparse.py:1606(ArgumentParser)
        1    0.000    0.000    0.000    0.000 argparse.py:202(_Section)
        1    0.000    0.000    0.001    0.001 argparse.py:62(<module>)
        1    0.000    0.000    0.000    0.000 argparse.py:656(RawDescriptionHelpFormatter)
        1    0.000    0.000    0.000    0.000 argparse.py:667(RawTextHelpFormatter)
        1    0.000    0.000    0.000    0.000 argparse.py:678(ArgumentDefaultsHelpFormatter)
        1    0.000    0.000    0.000    0.000 argparse.py:695(MetavarTypeHelpFormatter)
        1    0.000    0.000    0.000    0.000 argparse.py:728(ArgumentError)
        1    0.000    0.000    0.000    0.000 argparse.py:748(ArgumentTypeError)
        1    0.000    0.000    0.000    0.000 argparse.py:757(Action)
        1    0.000    0.000    0.000    0.000 argparse.py:848(_StoreAction)
        1    0.000    0.000    0.000    0.000 argparse.py:883(_StoreConstAction)
        1    0.000    0.000    0.000    0.000 argparse.py:906(_StoreTrueAction)
        1    0.000    0.000    0.000    0.000 argparse.py:923(_StoreFalseAction)
        1    0.000    0.000    0.000    0.000 argparse.py:940(_AppendAction)
        1    0.000    0.000    0.000    0.000 argparse.py:978(_AppendConstAction)
        1    0.000    0.000    0.000    0.000 arraypad.py:5(<module>)
        1    0.000    0.000    0.000    0.000 arrayprint.py:1184(IntegerFormat)
        1    0.000    0.000    0.000    0.000 arrayprint.py:1197(BoolFormat)
        1    0.000    0.000    0.000    0.000 arrayprint.py:1207(ComplexFloatingFormat)
        1    0.000    0.000    0.000    0.000 arrayprint.py:1240(_TimelikeFormat)
        1    0.000    0.000    0.000    0.000 arrayprint.py:1266(DatetimeFormat)
        1    0.000    0.000    0.000    0.000 arrayprint.py:1298(TimedeltaFormat)
        1    0.000    0.000    0.000    0.000 arrayprint.py:1303(SubArrayFormat)
        1    0.000    0.000    0.000    0.000 arrayprint.py:1313(StructuredVoidFormat)
       15    0.000    0.000    0.000    0.000 arrayprint.py:1527(_guarded_repr_or_str)
       15    0.000    0.000    0.000    0.000 arrayprint.py:1534(_array_str_implementation)
        2    0.000    0.000    0.000    0.000 arrayprint.py:455(_recursive_guard)
        2    0.000    0.000    0.000    0.000 arrayprint.py:465(decorating_function)
       15    0.000    0.000    0.000    0.000 arrayprint.py:468(wrapper)
        1    0.000    0.000    0.001    0.001 arrayprint.py:5(<module>)
        1    0.000    0.000    0.000    0.000 arrayprint.py:867(FloatingFormat)
        1    0.000    0.000    0.001    0.001 arraysetops.py:16(<module>)
        1    0.000    0.000    0.000    0.000 arrayterator.py:16(Arrayterator)
        1    0.000    0.000    0.000    0.000 arrayterator.py:9(<module>)
        1    0.000    0.000    0.000    0.000 ast.py:247(NodeVisitor)
        1    0.000    0.000    0.000    0.000 ast.py:26(<module>)
        1    0.000    0.000    0.000    0.000 ast.py:284(NodeTransformer)
        1    0.000    0.000    0.001    0.001 base64.py:3(<module>)
        1    0.000    0.000    0.001    0.001 bisect.py:1(<module>)
        1    0.000    0.000    0.000    0.000 chebyshev.py:109(<module>)
        1    0.000    0.000    0.000    0.000 chebyshev.py:1993(Chebyshev)
        3    0.000    0.000    0.000    0.000 codecs.py:260(__init__)
        3    0.000    0.000    0.000    0.000 codecs.py:309(__init__)
        3    0.000    0.000    0.000    0.000 codecs.py:319(decode)
        1    0.000    0.000    0.000    0.000 config-3.py:2(<module>)
        1    0.000    0.000    0.000    0.000 config.py:1(<module>)
        1    0.000    0.000    0.000    0.000 contextlib.py:210(contextmanager)
        1    0.000    0.000    0.000    0.000 contextlib.py:58(_recreate_cm)
        1    0.000    0.000    0.000    0.000 contextlib.py:70(__call__)
        1    0.000    0.000    0.000    0.000 contextlib.py:71(inner)
        1    0.000    0.000    0.000    0.000 copy.py:49(<module>)
        1    0.000    0.000    0.000    0.000 copy.py:55(Error)
        1    0.000    0.000    0.000    0.000 copy.py:66(copy)
        2    0.000    0.000    0.000    0.000 copyreg.py:12(pickle)
        1    0.000    0.000    0.000    0.000 copyreg.py:22(constructor)
        1    0.000    0.000    0.000    0.000 core.py:1120(_DomainedBinaryOperation)
        6    0.000    0.000    0.000    0.000 core.py:1141(__init__)
       14    0.000    0.000    0.002    0.000 core.py:116(doc_note)
        1    0.000    0.000    0.000    0.000 core.py:1278(_replace_dtype_fields_recursive)
        1    0.000    0.000    0.000    0.000 core.py:1310(_replace_dtype_fields)
       44    0.000    0.000    0.001    0.000 core.py:132(get_object_signature)
        1    0.000    0.000    0.000    0.000 core.py:1324(make_mask_descr)
        3    0.000    0.000    0.000    0.000 core.py:1357(getmask)
        1    0.000    0.000    0.000    0.000 core.py:149(MAError)
        1    0.000    0.000    0.000    0.000 core.py:157(MaskError)
        1    0.000    0.000    0.000    0.000 core.py:191(<listcomp>)
        1    0.000    0.000    0.000    0.000 core.py:192(<listcomp>)
        1    0.000    0.000    0.000    0.000 core.py:195(<listcomp>)
        1    0.000    0.000    0.000    0.000 core.py:196(<listcomp>)
        1    0.000    0.000    0.008    0.008 core.py:21(<module>)
        1    0.000    0.000    0.000    0.000 core.py:2381(_MaskedPrintOption)
        1    0.000    0.000    0.000    0.000 core.py:2387(__init__)
        7    0.000    0.000    0.000    0.000 core.py:2553(_arraymethod)
        1    0.000    0.000    0.000    0.000 core.py:2598(MaskedIterator)
        1    0.000    0.000    0.000    0.000 core.py:2706(MaskedArray)
        1    0.000    0.000    0.000    0.000 core.py:2817(__new__)
        2    0.000    0.000    0.000    0.000 core.py:2948(_update_from)
        2    0.000    0.000    0.000    0.000 core.py:2974(__array_finalize__)
        1    0.000    0.000    0.000    0.000 core.py:3123(view)
        4    0.000    0.000    0.000    0.000 core.py:3405(dtype)
        2    0.000    0.000    0.000    0.000 core.py:3421(shape)
        1    0.000    0.000    0.000    0.000 core.py:6234(mvoid)
        1    0.000    0.000    0.000    0.000 core.py:6429(MaskedConstant)
        4    0.000    0.000    0.000    0.000 core.py:6433(__has_singleton)
        1    0.000    0.000    0.000    0.000 core.py:6439(__new__)
        1    0.000    0.000    0.000    0.000 core.py:6457(__array_finalize__)
        2    0.000    0.000    0.000    0.000 core.py:6532(__setattr__)
        1    0.000    0.000    0.000    0.000 core.py:6624(_extrema_operation)
        2    0.000    0.000    0.000    0.000 core.py:6633(__init__)
        1    0.000    0.000    0.000    0.000 core.py:6739(_frommethod)
       26    0.000    0.000    0.001    0.000 core.py:6750(__init__)
       26    0.000    0.000    0.001    0.000 core.py:6755(getdoc)
        1    0.000    0.000    0.000    0.000 core.py:792(_DomainCheckInterval)
        3    0.000    0.000    0.000    0.000 core.py:801(__init__)
        1    0.000    0.000    0.000    0.000 core.py:8085(_convert2ma)
        8    0.000    0.000    0.000    0.000 core.py:8098(__init__)
        8    0.000    0.000    0.000    0.000 core.py:8103(getdoc)
        1    0.000    0.000    0.000    0.000 core.py:817(_DomainTan)
        1    0.000    0.000    0.000    0.000 core.py:825(__init__)
        1    0.000    0.000    0.000    0.000 core.py:835(_DomainSafeDivide)
        6    0.000    0.000    0.000    0.000 core.py:841(__init__)
        1    0.000    0.000    0.000    0.000 core.py:85(MaskedArrayFutureWarning)
        1    0.000    0.000    0.000    0.000 core.py:856(_DomainGreater)
        3    0.000    0.000    0.000    0.000 core.py:862(__init__)
        1    0.000    0.000    0.000    0.000 core.py:872(_DomainGreaterEqual)
        2    0.000    0.000    0.000    0.000 core.py:878(__init__)
        1    0.000    0.000    0.000    0.000 core.py:888(_MaskedUFunc)
       52    0.000    0.000    0.001    0.000 core.py:889(__init__)
        1    0.000    0.000    0.000    0.000 core.py:898(_MaskedUnaryOperation)
       26    0.000    0.000    0.000    0.000 core.py:916(__init__)
        1    0.000    0.000    0.000    0.000 core.py:972(_MaskedBinaryOperation)
       18    0.000    0.000    0.000    0.000 core.py:992(__init__)
        1    0.000    0.000    0.000    0.000 ctypeslib.py:174(_ndptr)
        1    0.000    0.000    0.000    0.000 ctypeslib.py:195(_concrete_ndptr)
        1    0.000    0.000    0.000    0.000 ctypeslib.py:354(_get_scalar_type_map)
        1    0.000    0.000    0.000    0.000 ctypeslib.py:365(<dictcomp>)
        1    0.000    0.000    0.000    0.000 ctypeslib.py:51(<module>)
        1    0.000    0.000    0.000    0.000 datetime.py:1092(tzinfo)
        1    0.000    0.000    0.000    0.000 datetime.py:1162(time)
        2    0.000    0.000    0.000    0.000 datetime.py:1187(__new__)
        1    0.000    0.000    0.000    0.000 datetime.py:1509(datetime)
        3    0.000    0.000    0.000    0.000 datetime.py:1517(__new__)
        1    0.000    0.000    0.000    0.000 datetime.py:2136(timezone)
        3    0.000    0.000    0.000    0.000 datetime.py:2156(_create)
       35    0.000    0.000    0.000    0.000 datetime.py:379(_check_int_field)
        5    0.000    0.000    0.000    0.000 datetime.py:396(_check_date_fields)
        5    0.000    0.000    0.000    0.000 datetime.py:409(_check_time_fields)
        3    0.000    0.000    0.000    0.000 datetime.py:41(_days_before_year)
        5    0.000    0.000    0.000    0.000 datetime.py:426(_check_tzinfo_arg)
        1    0.000    0.000    0.000    0.000 datetime.py:454(timedelta)
        5    0.000    0.000    0.000    0.000 datetime.py:46(_days_in_month)
       12    0.000    0.000    0.000    0.000 datetime.py:473(__new__)
        1    0.000    0.000    0.002    0.002 datetime.py:5(<module>)
        2    0.000    0.000    0.000    0.000 datetime.py:646(__neg__)
        1    0.000    0.000    0.000    0.000 datetime.py:774(date)
        2    0.000    0.000    0.000    0.000 datetime.py:804(__new__)
        1    0.000    0.000    0.002    0.002 decoder.py:2(<module>)
        1    0.000    0.000    0.000    0.000 decoder.py:20(JSONDecodeError)
        1    0.000    0.000    0.000    0.000 decoder.py:254(JSONDecoder)
        1    0.000    0.000    0.000    0.000 decoder.py:284(__init__)
        3    0.000    0.000    0.000    0.000 decoder.py:332(decode)
        3    0.000    0.000    0.000    0.000 decoder.py:343(raw_decode)
        1    0.000    0.000    0.004    0.004 defchararray.py:17(<module>)
        1    0.000    0.000    0.000    0.000 defchararray.py:1805(chararray)
        1    0.000    0.000    0.006    0.006 defmatrix.py:1(<module>)
        1    0.000    0.000    0.000    0.000 defmatrix.py:72(matrix)
        1    0.000    0.000    0.001    0.001 dis.py:1(<module>)
        1    0.000    0.000    0.000    0.000 dis.py:199(Instruction)
        1    0.000    0.000    0.000    0.000 dis.py:461(Bytecode)
        1    0.000    0.000    0.000    0.000 einsumfunc.py:4(<module>)
        1    0.000    0.000    0.000    0.000 encoder.py:104(__init__)
        1    0.000    0.000    0.000    0.000 encoder.py:2(<module>)
        1    0.000    0.000    0.000    0.000 encoder.py:73(JSONEncoder)
        4    0.000    0.000    0.000    0.000 enum.py:130(__prepare__)
        4    0.001    0.000    0.001    0.000 enum.py:140(__new__)
        4    0.000    0.000    0.000    0.000 enum.py:157(<dictcomp>)
       42    0.000    0.000    0.000    0.000 enum.py:18(_is_descriptor)
        4    0.000    0.000    0.000    0.000 enum.py:182(<setcomp>)
       12    0.000    0.000    0.000    0.000 enum.py:203(<genexpr>)
       53    0.000    0.000    0.000    0.000 enum.py:26(_is_dunder)
       75    0.000    0.000    0.002    0.000 enum.py:289(__call__)
       53    0.000    0.000    0.000    0.000 enum.py:34(_is_sunder)
        4    0.000    0.000    0.000    0.000 enum.py:340(__getattr__)
        3    0.000    0.000    0.000    0.000 enum.py:365(__members__)
       68    0.000    0.000    0.000    0.000 enum.py:381(__setattr__)
        3    0.000    0.000    0.001    0.000 enum.py:394(_create_)
       11    0.000    0.000    0.000    0.000 enum.py:447(_get_mixins_)
       11    0.000    0.000    0.000    0.000 enum.py:458(_find_data_type)
        4    0.000    0.000    0.000    0.000 enum.py:479(_find_new_)
       72    0.000    0.000    0.000    0.000 enum.py:531(__new__)
       23    0.000    0.000    0.000    0.000 enum.py:628(name)
       17    0.000    0.000    0.000    0.000 enum.py:633(value)
        3    0.000    0.000    0.002    0.001 enum.py:638(_convert)
        4    0.000    0.000    0.000    0.000 enum.py:64(__init__)
        3    0.000    0.000    0.000    0.000 enum.py:659(<listcomp>)
       37    0.000    0.000    0.000    0.000 enum.py:664(<lambda>)
       53    0.000    0.000    0.000    0.000 enum.py:71(__setitem__)
        2    0.000    0.000    0.000    0.000 enum.py:798(_missing_)
        2    0.000    0.000    0.000    0.000 enum.py:805(_create_pseudo_member_)
        4    0.000    0.000    0.000    0.000 enum.py:835(__or__)
       32    0.000    0.000    0.000    0.000 enum.py:841(__and__)
        3    0.000    0.000    0.000    0.000 enum.py:860(_high_bit)
        2    0.000    0.000    0.000    0.000 enum.py:877(_decompose)
        2    0.000    0.000    0.000    0.000 enum.py:895(<listcomp>)
        5    0.000    0.000    0.000    0.000 enum.py:906(<lambda>)
        5    0.000    0.000    0.000    0.000 enum.py:912(_power_of_two)
        1    0.000    0.000    0.001    0.001 extras.py:10(<module>)
        1    0.000    0.000    0.000    0.000 extras.py:1467(MAxisConcatenator)
        1    0.000    0.000    0.000    0.000 extras.py:1497(mr_class)
        1    0.000    0.000    0.000    0.000 extras.py:1515(__init__)
        1    0.000    0.000    0.000    0.000 extras.py:215(_fromnxfunction)
       10    0.000    0.000    0.001    0.000 extras.py:235(__init__)
       10    0.000    0.000    0.001    0.000 extras.py:239(getdoc)
        1    0.000    0.000    0.000    0.000 extras.py:265(_fromnxfunction_single)
        1    0.000    0.000    0.000    0.000 extras.py:283(_fromnxfunction_seq)
        1    0.000    0.000    0.000    0.000 extras.py:296(_fromnxfunction_args)
        1    0.000    0.000    0.000    0.000 extras.py:321(_fromnxfunction_allargs)
        1    0.000    0.000    0.000    0.000 fnmatch.py:11(<module>)
        1    0.000    0.000    0.000    0.000 format.py:163(<module>)
        1    0.000    0.000    0.000    0.000 fromnumeric.py:2263(_any_dispatcher)
        1    0.000    0.000    0.000    0.000 fromnumeric.py:2268(any)
        1    0.000    0.000    0.006    0.006 fromnumeric.py:3(<module>)
        1    0.000    0.000    0.000    0.000 fromnumeric.py:3123(_ndim_dispatcher)
        1    0.000    0.000    0.000    0.000 fromnumeric.py:3127(ndim)
        1    0.000    0.000    0.000    0.000 fromnumeric.py:69(_wrapreduction)
        1    0.000    0.000    0.000    0.000 fromnumeric.py:70(<dictcomp>)
        2    0.000    0.000    0.004    0.002 function_base.py:1(<module>)
        1    0.000    0.000    0.000    0.000 function_base.py:18(_linspace_dispatcher)
        1    0.000    0.000    0.000    0.000 function_base.py:1951(vectorize)
        1    0.000    0.000    0.000    0.000 function_base.py:23(linspace)
      284    0.000    0.000    0.000    0.000 function_base.py:443(_needs_add_docstring)
      284    0.000    0.000    0.001    0.000 function_base.py:461(_add_docstring)
      284    0.001    0.000    0.004    0.000 function_base.py:475(add_newdoc)
      331    0.001    0.000    0.002    0.000 functools.py:37(update_wrapper)
        2    0.000    0.000    0.000    0.000 functools.py:458(lru_cache)
        2    0.000    0.000    0.000    0.000 functools.py:492(decorating_function)
      329    0.000    0.000    0.000    0.000 functools.py:67(wraps)
        3    0.000    0.000    0.000    0.000 genericpath.py:16(exists)
       16    0.000    0.000    0.000    0.000 genericpath.py:39(isdir)
       30    0.000    0.000    0.000    0.000 getlimits.py:17(_fr0)
        1    0.000    0.000    0.000    0.000 getlimits.py:237(_get_machar)
       30    0.000    0.000    0.000    0.000 getlimits.py:25(_fr1)
        1    0.000    0.000    0.000    0.000 getlimits.py:295(finfo)
        1    0.000    0.000    0.000    0.000 getlimits.py:3(<module>)
        1    0.000    0.000    0.000    0.000 getlimits.py:32(MachArLike)
        6    0.000    0.000    0.001    0.000 getlimits.py:35(__init__)
        1    0.000    0.000    0.000    0.000 getlimits.py:382(__new__)
       36    0.000    0.000    0.000    0.000 getlimits.py:39(<lambda>)
       30    0.000    0.000    0.000    0.000 getlimits.py:40(<lambda>)
       30    0.000    0.000    0.001    0.000 getlimits.py:41(<lambda>)
        1    0.000    0.000    0.000    0.000 getlimits.py:415(_init)
        1    0.000    0.000    0.000    0.000 getlimits.py:461(iinfo)
        7    0.000    0.000    0.000    0.000 getlimits.py:514(__init__)
        4    0.000    0.000    0.000    0.000 getlimits.py:538(max)
        8    0.000    0.000    0.000    0.000 getlimits.py:90(_register_type)
        1    0.000    0.000    0.001    0.001 getlimits.py:94(_register_known_types)
       14    0.000    0.000    0.002    0.000 hashlib.py:116(__get_openssl_constructor)
        1    0.000    0.000    0.002    0.002 hashlib.py:54(<module>)
        8    0.000    0.000    0.001    0.000 hashlib.py:73(__get_builtin_constructor)
        1    0.000    0.000    0.000    0.000 helper.py:4(<module>)
        1    0.000    0.000    0.000    0.000 hermite.py:1657(Hermite)
        1    0.000    0.000    0.000    0.000 hermite.py:77(<module>)
        1    0.000    0.000    0.000    0.000 hermite_e.py:1649(HermiteE)
        1    0.000    0.000    0.000    0.000 hermite_e.py:77(<module>)
        1    0.000    0.000    0.000    0.000 histograms.py:3(<module>)
      257    0.000    0.000    0.000    0.000 hmac.py:17(<genexpr>)
      257    0.000    0.000    0.000    0.000 hmac.py:18(<genexpr>)
        1    0.000    0.000    0.000    0.000 hmac.py:26(HMAC)
        1    0.000    0.000    0.004    0.004 hmac.py:4(<module>)
        1    0.000    0.000    0.011    0.011 index_tricks.py:1(<module>)
        1    0.000    0.000    0.000    0.000 index_tricks.py:110(nd_grid)
        2    0.000    0.000    0.000    0.000 index_tricks.py:145(__init__)
        1    0.000    0.000    0.000    0.000 index_tricks.py:210(MGridClass)
        1    0.000    0.000    0.000    0.000 index_tricks.py:253(__init__)
        1    0.000    0.000    0.000    0.000 index_tricks.py:260(OGridClass)
        1    0.000    0.000    0.000    0.000 index_tricks.py:300(__init__)
        1    0.000    0.000    0.000    0.000 index_tricks.py:307(AxisConcatenator)
        3    0.000    0.000    0.000    0.000 index_tricks.py:317(__init__)
        1    0.000    0.000    0.000    0.000 index_tricks.py:430(RClass)
        1    0.000    0.000    0.000    0.000 index_tricks.py:525(__init__)
        1    0.000    0.000    0.000    0.000 index_tricks.py:532(CClass)
        1    0.000    0.000    0.000    0.000 index_tricks.py:557(__init__)
        1    0.000    0.000    0.000    0.000 index_tricks.py:564(ndenumerate)
        1    0.000    0.000    0.000    0.000 index_tricks.py:613(ndindex)
        1    0.000    0.000    0.000    0.000 index_tricks.py:710(IndexExpression)
        2    0.000    0.000    0.000    0.000 index_tricks.py:754(__init__)
        1    0.000    0.000    0.000    0.000 inspect.py:2399(_void)
        1    0.000    0.000    0.000    0.000 inspect.py:2403(_empty)
        1    0.000    0.000    0.000    0.000 inspect.py:2407(_ParameterKind)
        1    0.000    0.000    0.000    0.000 inspect.py:2435(Parameter)
        1    0.000    0.000    0.000    0.000 inspect.py:2590(BoundArguments)
        1    0.000    0.000    0.003    0.003 inspect.py:27(<module>)
        1    0.000    0.000    0.000    0.000 inspect.py:2720(Signature)
       28    0.001    0.000    0.001    0.000 inspect.py:613(cleandoc)
        1    0.000    0.000    0.000    0.000 inspect.py:878(EndOfBlock)
        1    0.000    0.000    0.000    0.000 inspect.py:880(BlockFinder)
        1    0.000    0.000    0.000    0.000 laguerre.py:1605(Laguerre)
        1    0.000    0.000    0.000    0.000 laguerre.py:77(<module>)
        1    0.000    0.000    0.000    0.000 legendre.py:1618(Legendre)
        1    0.000    0.000    0.000    0.000 legendre.py:81(<module>)
        1    0.000    0.000    0.005    0.005 linalg.py:10(<module>)
        2    0.000    0.000    0.000    0.000 linalg.py:102(get_linalg_error_extobj)
        3    0.000    0.000    0.000    0.000 linalg.py:107(_makearray)
        5    0.000    0.000    0.000    0.000 linalg.py:112(isComplexType)
        4    0.000    0.000    0.000    0.000 linalg.py:125(_realType)
        1    0.000    0.000    0.000    0.000 linalg.py:131(_linalgRealType)
        2    0.000    0.000    0.000    0.000 linalg.py:135(_commonType)
        1    0.000    0.000    0.000    0.000 linalg.py:187(_assert_2d)
        1    0.000    0.000    0.000    0.000 linalg.py:193(_assert_stacked_2d)
        1    0.000    0.000    0.000    0.000 linalg.py:199(_assert_stacked_square)
        1    0.000    0.000    0.000    0.000 linalg.py:2165(_lstsq_dispatcher)
        1    0.000    0.000    0.000    0.000 linalg.py:2169(lstsq)
        1    0.000    0.000    0.000    0.000 linalg.py:43(LinAlgError)
        1    0.000    0.000    0.000    0.000 linalg.py:472(_unary_dispatcher)
        1    0.000    0.000    0.000    0.000 linalg.py:476(inv)
        1    0.000    0.000    0.000    0.000 linalg.py:73(_determine_error_states)
        1    0.000    0.000    0.003    0.003 linecache.py:6(<module>)
        1    0.000    0.000    0.000    0.000 load_config_py3.py:2(<module>)
        2    0.000    0.000    0.000    0.000 load_config_py3.py:6(exec_file_wrapper)
        1    0.000    0.000    0.000    0.000 machar.py:16(MachAr)
        1    0.000    0.000    0.000    0.000 machar.py:7(<module>)
        1    0.000    0.000    0.226    0.226 main.py:1(<module>)
        1    0.000    0.000    0.000    0.000 memmap.py:1(<module>)
        1    0.000    0.000    0.000    0.000 memmap.py:22(memmap)
        1    0.000    0.000    0.000    0.000 mixins.py:1(<module>)
       20    0.000    0.000    0.000    0.000 mixins.py:16(_binary_method)
       14    0.000    0.000    0.000    0.000 mixins.py:26(_reflected_binary_method)
       13    0.000    0.000    0.000    0.000 mixins.py:36(_inplace_binary_method)
       13    0.000    0.000    0.000    0.000 mixins.py:44(_numeric_methods)
        4    0.000    0.000    0.000    0.000 mixins.py:51(_unary_method)
        1    0.000    0.000    0.000    0.000 mixins.py:59(NDArrayOperatorsMixin)
        2    0.000    0.000    0.000    0.000 multiarray.py:1071(copyto)
        1    0.000    0.000    0.000    0.000 multiarray.py:148(concatenate)
        1    0.000    0.000    0.000    0.000 multiarray.py:664(result_type)
        1    0.000    0.000    0.026    0.026 multiarray.py:7(<module>)
        1    0.000    0.000    0.000    0.000 multiarray.py:736(dot)
        1    0.000    0.000    0.000    0.000 multiarray.py:80(empty_like)
        1    0.000    0.000    0.001    0.001 nanfunctions.py:22(<module>)
        1    0.000    0.000    0.002    0.002 npyio.py:1(<module>)
        1    0.000    0.000    0.000    0.000 npyio.py:115(NpzFile)
        1    0.000    0.000    0.000    0.000 npyio.py:51(BagObj)
        1    0.000    0.000    0.001    0.001 ntpath.py:6(<module>)
        1    0.000    0.000    0.000    0.000 numbers.py:12(Number)
        1    0.000    0.000    0.000    0.000 numbers.py:147(Real)
        1    0.000    0.000    0.000    0.000 numbers.py:267(Rational)
        1    0.000    0.000    0.000    0.000 numbers.py:294(Integral)
        1    0.000    0.000    0.000    0.000 numbers.py:32(Complex)
        1    0.000    0.000    0.000    0.000 numbers.py:6(<module>)
        1    0.000    0.000    0.013    0.013 numeric.py:1(<module>)
        1    0.000    0.000    0.000    0.000 numeric.py:149(ones)
        1    0.000    0.000    0.000    0.000 numeric.py:1858(isscalar)
        6    0.000    0.000    0.000    0.000 numeric.py:2514(extend_all)
        1    0.000    0.000    0.000    0.000 numeric.py:60(ComplexWarning)
        1    0.000    0.000    0.000    0.000 numeric.py:72(_zeros_like_dispatcher)
        1    0.000    0.000    0.000    0.000 numeric.py:76(zeros_like)
        1    0.000    0.000    0.000    0.000 numeric.py:847(_outer_dispatcher)
        1    0.000    0.000    0.000    0.000 numeric.py:851(outer)
        1    0.000    0.000    0.000    0.000 numerictypes.py:230(obj2sctype)
        2    0.000    0.000    0.000    0.000 numerictypes.py:284(issubclass_)
        1    0.000    0.000    0.000    0.000 numerictypes.py:358(issubdtype)
        1    0.000    0.000    0.000    0.000 numerictypes.py:426(_typedict)
        1    0.000    0.000    0.000    0.000 numerictypes.py:442(_construct_lookups)
       24    0.000    0.000    0.000    0.000 numerictypes.py:515(_scalar_type_key)
        1    0.000    0.000    0.000    0.000 numerictypes.py:590(_register_types)
        1    0.000    0.000    0.003    0.003 numerictypes.py:81(<module>)
        1    0.000    0.000    0.000    0.000 opcode.py:37(<listcomp>)
      119    0.000    0.000    0.000    0.000 opcode.py:39(def_op)
       12    0.000    0.000    0.000    0.000 opcode.py:43(name_op)
        7    0.000    0.000    0.000    0.000 opcode.py:47(jrel_op)
        1    0.000    0.000    0.001    0.001 opcode.py:5(<module>)
        6    0.000    0.000    0.000    0.000 opcode.py:51(jabs_op)
        1    0.000    0.000    0.000    0.000 os.py:1003(__init__)
        1    0.000    0.000    0.000    0.000 os.py:1006(close)
        1    0.000    0.000    0.000    0.000 os.py:1019(__getattr__)
        1    0.000    0.000    0.000    0.000 os.py:1079(__subclasshook__)
        5    0.000    0.000    0.000    0.000 os.py:676(__getitem__)
        3    0.000    0.000    0.000    0.000 os.py:684(__setitem__)
        2    0.000    0.000    0.000    0.000 os.py:690(__delitem__)
       13    0.000    0.000    0.000    0.000 os.py:754(encode)
        1    0.000    0.000    0.000    0.000 os.py:806(fsencode)
        1    0.000    0.000    0.002    0.002 os.py:980(popen)
        1    0.000    0.000    0.023    0.023 overrides.py:1(<module>)
       75    0.000    0.000    0.000    0.000 overrides.py:111(set_module)
       75    0.000    0.000    0.000    0.000 overrides.py:122(decorator)
      316    0.000    0.000    0.000    0.000 overrides.py:141(array_function_dispatch)
      316    0.001    0.000    0.026    0.000 overrides.py:183(decorator)
       23    0.000    0.000    0.000    0.000 overrides.py:219(array_function_from_dispatcher)
       23    0.000    0.000    0.002    0.000 overrides.py:223(decorator)
        9    0.000    0.000    0.000    0.000 overrides.py:24(set_array_function_like_doc)
      286    0.001    0.000    0.005    0.000 overrides.py:89(verify_matching_signatures)
        1    0.000    0.000    0.000    0.000 parse.py:126(_ResultMixinStr)
        1    0.000    0.000    0.000    0.000 parse.py:134(_ResultMixinBytes)
        1    0.000    0.000    0.000    0.000 parse.py:142(_NetlocResultMixinBase)
        1    0.000    0.000    0.000    0.000 parse.py:175(_NetlocResultMixinStr)
        1    0.000    0.000    0.000    0.000 parse.py:205(_NetlocResultMixinBytes)
        1    0.000    0.000    0.001    0.001 parse.py:28(<module>)
        1    0.000    0.000    0.000    0.000 parse.py:310(DefragResult)
        1    0.000    0.000    0.000    0.000 parse.py:318(SplitResult)
        1    0.000    0.000    0.000    0.000 parse.py:323(ParseResult)
        1    0.000    0.000    0.000    0.000 parse.py:329(DefragResultBytes)
        1    0.000    0.000    0.000    0.000 parse.py:337(SplitResultBytes)
        1    0.000    0.000    0.000    0.000 parse.py:342(ParseResultBytes)
        1    0.000    0.000    0.000    0.000 parse.py:348(_fix_result_transcoding)
        1    0.000    0.000    0.000    0.000 parse.py:760(Quoter)
        1    0.000    0.000    0.006    0.006 pathlib.py:1(<module>)
        1    0.000    0.000    0.000    0.000 pathlib.py:1010(Path)
        1    0.000    0.000    0.000    0.000 pathlib.py:119(_WindowsFlavour)
        1    0.000    0.000    0.000    0.000 pathlib.py:135(<setcomp>)
        1    0.000    0.000    0.000    0.000 pathlib.py:136(<setcomp>)
        1    0.000    0.000    0.000    0.000 pathlib.py:1492(PosixPath)
        1    0.000    0.000    0.000    0.000 pathlib.py:1499(WindowsPath)
        1    0.000    0.000    0.000    0.000 pathlib.py:286(_PosixFlavour)
        1    0.000    0.000    0.000    0.000 pathlib.py:392(_Accessor)
        1    0.000    0.000    0.000    0.000 pathlib.py:397(_NormalAccessor)
        1    0.000    0.000    0.000    0.000 pathlib.py:470(_Selector)
        1    0.000    0.000    0.000    0.000 pathlib.py:495(_TerminatingSelector)
        1    0.000    0.000    0.000    0.000 pathlib.py:501(_PreciseSelector)
        1    0.000    0.000    0.000    0.000 pathlib.py:517(_WildcardSelector)
        1    0.000    0.000    0.000    0.000 pathlib.py:548(_RecursiveWildcardSelector)
        1    0.000    0.000    0.000    0.000 pathlib.py:56(_Flavour)
        1    0.000    0.000    0.000    0.000 pathlib.py:592(_PathParents)
        2    0.000    0.000    0.000    0.000 pathlib.py:60(__init__)
        1    0.000    0.000    0.000    0.000 pathlib.py:620(PurePath)
        1    0.000    0.000    0.000    0.000 pathlib.py:987(PurePosixPath)
        1    0.000    0.000    0.000    0.000 pathlib.py:997(PureWindowsPath)
        1    0.000    0.000    0.000    0.000 pickle.py:1024(_Unpickler)
        1    0.000    0.000    0.001    0.001 pickle.py:181(<listcomp>)
        1    0.000    0.000    0.000    0.000 pickle.py:184(_Framer)
        1    0.000    0.000    0.004    0.004 pickle.py:24(<module>)
        1    0.000    0.000    0.000    0.000 pickle.py:247(_Unframer)
        1    0.000    0.000    0.000    0.000 pickle.py:372(_Pickler)
        1    0.000    0.000    0.000    0.000 pickle.py:64(PickleError)
        1    0.000    0.000    0.000    0.000 pickle.py:68(PicklingError)
        1    0.000    0.000    0.000    0.000 pickle.py:75(UnpicklingError)
        1    0.000    0.000    0.000    0.000 pickle.py:88(_Stop)
        1    0.000    0.000    0.017    0.017 platform.py:10(<module>)
       17    0.000    0.000    0.008    0.000 platform.py:1061(system)
       17    0.000    0.000    0.000    0.000 platform.py:1098(machine)
        1    0.000    0.000    0.000    0.000 platform.py:1149(_sys_version)
        1    0.000    0.000    0.000    0.000 platform.py:1253(python_implementation)
        1    0.000    0.000    0.007    0.007 platform.py:780(_syscmd_uname)
       34    0.000    0.000    0.008    0.000 platform.py:923(uname)
        1    0.000    0.000    0.000    0.000 polynomial.py:1068(poly1d)
        1    0.000    0.000    0.000    0.000 polynomial.py:1471(Polynomial)
        1    0.000    0.000    0.000    0.000 polynomial.py:28(RankWarning)
        1    0.000    0.000    0.001    0.001 polynomial.py:4(<module>)
        1    0.000    0.000    0.000    0.000 polynomial.py:449(_polyfit_dispatcher)
        1    0.000    0.000    0.001    0.001 polynomial.py:453(polyfit)
        1    0.000    0.000    0.000    0.000 polynomial.py:692(_polyval_dispatcher)
        1    0.000    0.000    0.000    0.000 polynomial.py:696(polyval)
        1    0.000    0.000    0.001    0.001 polynomial.py:74(<module>)
        1    0.000    0.000    0.000    0.000 polyutils.py:28(<module>)
        1    0.000    0.000    0.000    0.000 polyutils.py:43(RankWarning)
        2    0.000    0.000    0.000    0.000 posixpath.py:144(basename)
        7    0.000    0.000    0.000    0.000 posixpath.py:154(dirname)
       10    0.000    0.000    0.000    0.000 posixpath.py:168(islink)
        4    0.000    0.000    0.000    0.000 posixpath.py:338(normpath)
        4    0.000    0.000    0.000    0.000 posixpath.py:376(abspath)
        2    0.000    0.000    0.000    0.000 posixpath.py:391(realpath)
        2    0.000    0.000    0.000    0.000 posixpath.py:400(_joinrealpath)
       50    0.000    0.000    0.000    0.000 posixpath.py:41(_get_sep)
        6    0.000    0.000    0.000    0.000 posixpath.py:64(isabs)
       35    0.000    0.000    0.000    0.000 posixpath.py:75(join)
        1    0.000    0.000    0.012    0.012 py3k.py:12(<module>)
        1    0.000    0.000    0.000    0.000 py3k.py:88(contextlib_nullcontext)
        1    0.000    0.000    0.002    0.002 random.py:38(<module>)
        1    0.000    0.000    0.000    0.000 random.py:669(SystemRandom)
        1    0.000    0.000    0.000    0.000 random.py:681(getrandbits)
        1    0.000    0.000    0.000    0.000 random.py:691(seed)
        1    0.000    0.000    0.000    0.000 random.py:72(Random)
        2    0.000    0.000    0.000    0.000 random.py:88(__init__)
        1    0.000    0.000    0.000    0.000 random.py:97(seed)
      102    0.000    0.000    0.001    0.000 re.py:172(match)
        5    0.000    0.000    0.000    0.000 re.py:187(sub)
       14    0.000    0.000    0.000    0.000 re.py:207(split)
       28    0.000    0.000    0.011    0.000 re.py:234(compile)
      149    0.000    0.000    0.012    0.000 re.py:273(_compile)
        1    0.000    0.000    0.000    0.000 records.py:224(record)
        1    0.000    0.000    0.000    0.000 records.py:309(recarray)
        1    0.000    0.000    0.000    0.000 records.py:35(<module>)
        1    0.000    0.000    0.000    0.000 records.py:88(format_parser)
        1    0.000    0.000    0.001    0.001 scanner.py:2(<module>)
        1    0.000    0.000    0.002    0.002 scimath.py:33(<module>)
        1    0.000    0.000    0.008    0.008 secrets.py:7(<module>)
        1    0.000    0.000    0.000    0.000 selectors.py:206(_BaseSelectorImpl)
        1    0.000    0.000    0.000    0.000 selectors.py:290(SelectSelector)
        1    0.000    0.000    0.000    0.000 selectors.py:341(_PollLikeSelector)
        1    0.000    0.000    0.000    0.000 selectors.py:433(PollSelector)
        1    0.000    0.000    0.000    0.000 selectors.py:5(<module>)
        1    0.000    0.000    0.000    0.000 selectors.py:506(KqueueSelector)
        1    0.000    0.000    0.000    0.000 selectors.py:60(_SelectorMapping)
        1    0.000    0.000    0.000    0.000 selectors.py:80(BaseSelector)
        2    0.000    0.000    0.008    0.004 shape_base.py:1(<module>)
        1    0.000    0.000    0.002    0.002 signal.py:1(<module>)
       67    0.000    0.000    0.000    0.000 signal.py:10(<lambda>)
       68    0.000    0.000    0.000    0.000 signal.py:17(<lambda>)
       69    0.000    0.000    0.000    0.000 signal.py:22(<lambda>)
       79    0.000    0.000    0.000    0.000 sre_compile.py:249(_compile_charset)
       79    0.001    0.000    0.001    0.000 sre_compile.py:276(_optimize_charset)
       13    0.000    0.000    0.000    0.000 sre_compile.py:411(_mk_bitmap)
       13    0.000    0.000    0.000    0.000 sre_compile.py:413(<listcomp>)
        1    0.000    0.000    0.000    0.000 sre_compile.py:416(_bytes_to_codes)
       98    0.000    0.000    0.000    0.000 sre_compile.py:423(_simple)
        3    0.000    0.000    0.000    0.000 sre_compile.py:432(_generate_overlap_table)
       68    0.000    0.000    0.000    0.000 sre_compile.py:453(_get_iscased)
    42/29    0.000    0.000    0.000    0.000 sre_compile.py:461(_get_literal_prefix)
       26    0.000    0.000    0.000    0.000 sre_compile.py:492(_get_charset_prefix)
       32    0.000    0.000    0.001    0.000 sre_compile.py:536(_compile_info)
       64    0.000    0.000    0.000    0.000 sre_compile.py:595(isstring)
       32    0.000    0.000    0.004    0.000 sre_compile.py:598(_code)
       71    0.000    0.000    0.000    0.000 sre_compile.py:65(_combine_flags)
   189/32    0.001    0.000    0.003    0.000 sre_compile.py:71(_compile)
       32    0.000    0.000    0.011    0.000 sre_compile.py:759(compile)
      201    0.000    0.000    0.000    0.000 sre_parse.py:111(__init__)
      420    0.000    0.000    0.000    0.000 sre_parse.py:160(__len__)
     1339    0.001    0.000    0.001    0.000 sre_parse.py:164(__getitem__)
      101    0.000    0.000    0.000    0.000 sre_parse.py:168(__setitem__)
      415    0.000    0.000    0.000    0.000 sre_parse.py:172(append)
   235/78    0.001    0.000    0.001    0.000 sre_parse.py:174(getwidth)
       32    0.000    0.000    0.000    0.000 sre_parse.py:224(__init__)
      939    0.001    0.000    0.001    0.000 sre_parse.py:233(__next)
      511    0.000    0.000    0.000    0.000 sre_parse.py:249(match)
      747    0.000    0.000    0.001    0.000 sre_parse.py:254(get)
        4    0.000    0.000    0.000    0.000 sre_parse.py:258(getwhile)
        4    0.000    0.000    0.000    0.000 sre_parse.py:267(getuntil)
      308    0.000    0.000    0.000    0.000 sre_parse.py:286(tell)
       48    0.000    0.000    0.000    0.000 sre_parse.py:295(_class_escape)
       57    0.000    0.000    0.000    0.000 sre_parse.py:343(_escape)
       60    0.000    0.000    0.000    0.000 sre_parse.py:408(_uniq)
    90/32    0.000    0.000    0.006    0.000 sre_parse.py:411(_parse_sub)
    97/34    0.002    0.000    0.006    0.000 sre_parse.py:469(_parse)
       32    0.000    0.000    0.000    0.000 sre_parse.py:76(__init__)
      156    0.000    0.000    0.000    0.000 sre_parse.py:81(groups)
        2    0.000    0.000    0.000    0.000 sre_parse.py:837(_parse_flags)
       46    0.000    0.000    0.000    0.000 sre_parse.py:84(opengroup)
       32    0.000    0.000    0.000    0.000 sre_parse.py:897(fix_flags)
       32    0.000    0.000    0.007    0.000 sre_parse.py:913(parse)
       46    0.000    0.000    0.000    0.000 sre_parse.py:96(closegroup)
        1    0.000    0.000    0.000    0.000 stride_tricks.py:15(DummyArray)
        1    0.000    0.000    0.000    0.000 stride_tricks.py:7(<module>)
        1    0.000    0.000    0.001    0.001 struct.py:3(<module>)
        1    0.000    0.000    0.000    0.000 subprocess.py:1014(wait)
        1    0.000    0.000    0.000    0.000 subprocess.py:1358(_get_handles)
        1    0.000    0.000    0.002    0.002 subprocess.py:1412(_execute_child)
        1    0.000    0.000    0.000    0.000 subprocess.py:1555(_handle_exitstatus)
        1    0.000    0.000    0.000    0.000 subprocess.py:1573(_internal_poll)
        1    0.000    0.000    0.000    0.000 subprocess.py:1608(_try_wait)
        1    0.000    0.000    0.000    0.000 subprocess.py:1621(_wait)
        1    0.000    0.000    0.000    0.000 subprocess.py:240(_cleanup)
        1    0.000    0.000    0.000    0.000 subprocess.py:414(CompletedProcess)
        1    0.000    0.000    0.010    0.010 subprocess.py:42(<module>)
        1    0.000    0.000    0.000    0.000 subprocess.py:57(SubprocessError)
        1    0.000    0.000    0.000    0.000 subprocess.py:60(CalledProcessError)
        1    0.000    0.000    0.000    0.000 subprocess.py:633(Popen)
        1    0.000    0.000    0.002    0.002 subprocess.py:681(__init__)
        1    0.000    0.000    0.000    0.000 subprocess.py:875(__del__)
        1    0.000    0.000    0.000    0.000 subprocess.py:97(TimeoutExpired)
        5    0.000    0.000    0.000    0.000 textwrap.py:414(dedent)
        1    0.000    0.000    0.004    0.004 threading.py:1(<module>)
        1    0.000    0.000    0.000    0.000 threading.py:1116(daemon)
        1    0.000    0.000    0.000    0.000 threading.py:1153(Timer)
        1    0.000    0.000    0.000    0.000 threading.py:1183(_MainThread)
        1    0.000    0.000    0.000    0.000 threading.py:1185(__init__)
        1    0.000    0.000    0.000    0.000 threading.py:1202(_DummyThread)
        1    0.000    0.000    0.000    0.000 threading.py:204(Condition)
        1    0.000    0.000    0.000    0.000 threading.py:216(__init__)
        1    0.000    0.000    0.000    0.000 threading.py:240(__enter__)
        1    0.000    0.000    0.000    0.000 threading.py:243(__exit__)
        1    0.000    0.000    0.000    0.000 threading.py:255(_is_owned)
        1    0.000    0.000    0.000    0.000 threading.py:335(notify)
        1    0.000    0.000    0.000    0.000 threading.py:358(notify_all)
        1    0.000    0.000    0.000    0.000 threading.py:370(Semaphore)
        1    0.000    0.000    0.000    0.000 threading.py:450(BoundedSemaphore)
        1    0.000    0.000    0.000    0.000 threading.py:488(Event)
        1    0.000    0.000    0.000    0.000 threading.py:499(__init__)
        1    0.000    0.000    0.000    0.000 threading.py:513(set)
        1    0.000    0.000    0.000    0.000 threading.py:567(Barrier)
        1    0.000    0.000    0.000    0.000 threading.py:721(BrokenBarrierError)
        1    0.000    0.000    0.000    0.000 threading.py:744(Thread)
        1    0.000    0.000    0.000    0.000 threading.py:763(__init__)
        1    0.000    0.000    0.000    0.000 threading.py:88(_RLock)
        1    0.000    0.000    0.000    0.000 threading.py:896(_set_ident)
        1    0.000    0.000    0.000    0.000 threading.py:899(_set_tstate_lock)
        1    0.000    0.000    0.000    0.000 token.py:1(<module>)
        1    0.000    0.000    0.000    0.000 token.py:78(<dictcomp>)
       20    0.000    0.000    0.000    0.000 tokenize.py:107(group)
        1    0.000    0.000    0.000    0.000 tokenize.py:108(any)
        2    0.000    0.000    0.000    0.000 tokenize.py:109(maybe)
        3    0.000    0.000    0.000    0.000 tokenize.py:132(_all_string_prefixes)
       24    0.000    0.000    0.000    0.000 tokenize.py:143(<listcomp>)
        1    0.000    0.000    0.003    0.003 tokenize.py:21(<module>)
        1    0.000    0.000    0.000    0.000 tokenize.py:212(TokenError)
        1    0.000    0.000    0.000    0.000 tokenize.py:214(StopTokenizing)
        1    0.000    0.000    0.000    0.000 tokenize.py:217(Untokenizer)
        1    0.000    0.000    0.000    0.000 tokenize.py:94(TokenInfo)
        1    0.000    0.000    0.004    0.004 traceback.py:1(<module>)
        1    0.000    0.000    0.000    0.000 traceback.py:227(FrameSummary)
        1    0.000    0.000    0.000    0.000 traceback.py:315(StackSummary)
        1    0.000    0.000    0.000    0.000 traceback.py:437(TracebackException)
        1    0.000    0.000    0.002    0.002 twodim_base.py:3(<module>)
        1    0.000    0.000    0.000    0.000 twodim_base.py:504(_vander_dispatcher)
        1    0.000    0.000    0.000    0.000 twodim_base.py:509(vander)
        1    0.000    0.000    0.001    0.001 type_check.py:3(<module>)
       40    0.000    0.000    0.000    0.000 types.py:164(__get__)
        1    0.000    0.000    0.000    0.000 ufunclike.py:16(_deprecate_out_named_y)
        3    0.000    0.000    0.000    0.000 ufunclike.py:41(_fix_out_named_y)
        1    0.000    0.000    0.000    0.000 ufunclike.py:5(<module>)
        3    0.000    0.000    0.000    0.000 ufunclike.py:58(_fix_and_maybe_deprecate_out_named_y)
        1    0.000    0.000    0.000    0.000 umath.py:7(<module>)
        1    0.000    0.000    0.001    0.001 utils.py:1(<module>)
        1    0.000    0.000    0.000    0.000 utils.py:54(_Deprecate)
        3    0.000    0.000    0.000    0.000 version.py:1(<module>)
        3    0.000    0.000    0.001    0.000 warnings.py:130(filterwarnings)
        1    0.000    0.000    0.000    0.000 warnings.py:165(simplefilter)
        4    0.000    0.000    0.000    0.000 warnings.py:181(_add_filter)
        1    0.000    0.000    0.000    0.000 warnings.py:449(__init__)
        1    0.000    0.000    0.000    0.000 warnings.py:470(__enter__)
        1    0.000    0.000    0.000    0.000 warnings.py:489(__exit__)
      668    0.001    0.000    0.001    0.000 {built-in method __new__ of type object at 0x10e892d50}
       23    0.000    0.000    0.000    0.000 {built-in method _abc._abc_init}
        1    0.000    0.000    0.000    0.000 {built-in method _abc._abc_instancecheck}
       11    0.000    0.000    0.000    0.000 {built-in method _abc._abc_register}
    22/12    0.000    0.000    0.000    0.000 {built-in method _abc._abc_subclasscheck}
        3    0.000    0.000    0.000    0.000 {built-in method _codecs.utf_8_decode}
        2    0.000    0.000    0.000    0.000 {built-in method _ctypes.POINTER}
        1    0.000    0.000    0.000    0.000 {built-in method _ctypes.dlopen}
       38    0.000    0.000    0.000    0.000 {built-in method _ctypes.sizeof}
        1    0.000    0.000    0.000    0.000 {built-in method _hashlib.openssl_md5}
        1    0.000    0.000    0.000    0.000 {built-in method _hashlib.openssl_sha1}
        1    0.000    0.000    0.000    0.000 {built-in method _hashlib.openssl_sha224}
        1    0.000    0.000    0.000    0.000 {built-in method _hashlib.openssl_sha256}
        1    0.000    0.000    0.000    0.000 {built-in method _hashlib.openssl_sha384}
        1    0.000    0.000    0.000    0.000 {built-in method _hashlib.openssl_sha512}
      132    0.000    0.000    0.000    0.000 {built-in method _imp._fix_co_filename}
     1199    0.000    0.000    0.000    0.000 {built-in method _imp.acquire_lock}
        1    0.000    0.000    0.000    0.000 {built-in method _imp.create_builtin}
     31/2    0.073    0.002    0.215    0.107 {built-in method _imp.create_dynamic}
        1    0.000    0.000    0.000    0.000 {built-in method _imp.exec_builtin}
    31/21    0.002    0.000    0.014    0.001 {built-in method _imp.exec_dynamic}
       59    0.000    0.000    0.000    0.000 {built-in method _imp.is_builtin}
      171    0.000    0.000    0.000    0.000 {built-in method _imp.is_frozen}
     1199    0.000    0.000    0.000    0.000 {built-in method _imp.release_lock}
        3    0.000    0.000    0.000    0.000 {built-in method _locale.nl_langinfo}
        1    0.000    0.000    0.000    0.000 {built-in method _operator.index}
        1    0.001    0.001    0.001    0.001 {built-in method _posixsubprocess.fork_exec}
       32    0.000    0.000    0.000    0.000 {built-in method _sre.compile}
       81    0.000    0.000    0.000    0.000 {built-in method _sre.unicode_iscased}
       68    0.000    0.000    0.000    0.000 {built-in method _sre.unicode_tolower}
       16    0.000    0.000    0.000    0.000 {built-in method _stat.S_ISDIR}
       10    0.000    0.000    0.000    0.000 {built-in method _stat.S_ISLNK}
       18    0.000    0.000    0.000    0.000 {built-in method _struct.calcsize}
        1    0.000    0.000    0.000    0.000 {built-in method _thread._set_sentinel}
      362    0.000    0.000    0.000    0.000 {built-in method _thread.allocate_lock}
     1028    0.000    0.000    0.000    0.000 {built-in method _thread.get_ident}
        6    0.000    0.000    0.000    0.000 {built-in method _warnings._filters_mutated}
  292/264    0.005    0.000    0.007    0.000 {built-in method builtins.__build_class__}
    342/6    0.000    0.000    0.165    0.028 {built-in method builtins.__import__}
       96    0.000    0.000    0.000    0.000 {built-in method builtins.abs}
       16    0.000    0.000    0.000    0.000 {built-in method builtins.all}
      169    0.000    0.000    0.000    0.000 {built-in method builtins.any}
        3    0.000    0.000    0.000    0.000 {built-in method builtins.callable}
      288    0.000    0.000    0.000    0.000 {built-in method builtins.chr}
      318    0.017    0.000    0.017    0.000 {built-in method builtins.compile}
        1    0.000    0.000    0.000    0.000 {built-in method builtins.dir}
       60    0.000    0.000    0.000    0.000 {built-in method builtins.divmod}
    469/1    0.002    0.000    0.226    0.226 {built-in method builtins.exec}
     4101    0.002    0.000    0.002    0.000 {built-in method builtins.getattr}
      377    0.000    0.000    0.000    0.000 {built-in method builtins.globals}
     2645    0.002    0.000    0.002    0.000 {built-in method builtins.hasattr}
       15    0.000    0.000    0.000    0.000 {built-in method builtins.id}
     7086    0.001    0.000    0.001    0.000 {built-in method builtins.isinstance}
      110    0.000    0.000    0.000    0.000 {built-in method builtins.issubclass}
4791/4587    0.001    0.000    0.001    0.000 {built-in method builtins.len}
        1    0.000    0.000    0.000    0.000 {built-in method builtins.locals}
       13    0.000    0.000    0.000    0.000 {built-in method builtins.max}
     1101    0.000    0.000    0.000    0.000 {built-in method builtins.min}
       16    0.000    0.000    0.000    0.000 {built-in method builtins.next}
      362    0.000    0.000    0.000    0.000 {built-in method builtins.ord}
        1    0.000    0.000    0.000    0.000 {built-in method builtins.print}
       77    0.000    0.000    0.000    0.000 {built-in method builtins.repr}
       12    0.000    0.000    0.000    0.000 {built-in method builtins.round}
     1891    0.001    0.000    0.001    0.000 {built-in method builtins.setattr}
        3    0.000    0.000    0.000    0.000 {built-in method builtins.sorted}
        3    0.000    0.000    0.000    0.000 {built-in method builtins.vars}
        2    0.000    0.000    0.000    0.000 {built-in method cv2.cv2._registerMatType}
      397    0.000    0.000    0.000    0.000 {built-in method from_bytes}
       60    0.000    0.000    0.000    0.000 {built-in method fromkeys}
        3    0.000    0.000    0.000    0.000 {built-in method io.open}
        2    0.000    0.000    0.000    0.000 {built-in method maketrans}
      132    0.016    0.000    0.016    0.000 {built-in method marshal.loads}
        1    0.000    0.000    0.000    0.000 {built-in method math.exp}
        2    0.000    0.000    0.000    0.000 {built-in method math.log}
        1    0.000    0.000    0.000    0.000 {built-in method math.sqrt}
        1    0.000    0.000    0.000    0.000 {built-in method numpy.arange}
      107    0.000    0.000    0.000    0.000 {built-in method numpy.array}
        3    0.000    0.000    0.000    0.000 {built-in method numpy.asanyarray}
        9    0.000    0.000    0.000    0.000 {built-in method numpy.asarray}
        1    0.000    0.000    0.000    0.000 {built-in method numpy.core._multiarray_umath._reload_guard}
        1    0.000    0.000    0.000    0.000 {built-in method numpy.core._multiarray_umath._set_madvise_hugepage}
      309    0.000    0.000    0.000    0.000 {built-in method numpy.core._multiarray_umath.add_docstring}
     16/5    0.000    0.000    0.001    0.000 {built-in method numpy.core._multiarray_umath.implement_array_function}
        1    0.000    0.000    0.000    0.000 {built-in method numpy.core._multiarray_umath.set_typeDict}
        2    0.000    0.000    0.000    0.000 {built-in method numpy.empty}
       18    0.000    0.000    0.000    0.000 {built-in method numpy.geterrobj}
        1    0.000    0.000    0.000    0.000 {built-in method numpy.promote_types}
        9    0.000    0.000    0.000    0.000 {built-in method numpy.seterrobj}
        1    0.000    0.000    0.000    0.000 {built-in method numpy.zeros}
        1    0.000    0.000    0.000    0.000 {built-in method posix.WEXITSTATUS}
        1    0.000    0.000    0.000    0.000 {built-in method posix.WIFEXITED}
        1    0.000    0.000    0.000    0.000 {built-in method posix.WIFSIGNALED}
        3    0.000    0.000    0.000    0.000 {built-in method posix.close}
      488    0.000    0.000    0.000    0.000 {built-in method posix.fspath}
        1    0.000    0.000    0.000    0.000 {built-in method posix.get_terminal_size}
       59    0.002    0.000    0.002    0.000 {built-in method posix.getcwd}
       17    0.001    0.000    0.001    0.000 {built-in method posix.listdir}
       10    0.000    0.000    0.000    0.000 {built-in method posix.lstat}
        2    0.000    0.000    0.000    0.000 {built-in method posix.pipe}
        3    0.000    0.000    0.000    0.000 {built-in method posix.putenv}
        1    0.001    0.001    0.001    0.001 {built-in method posix.read}
        2    0.000    0.000    0.000    0.000 {built-in method posix.register_at_fork}
      729    0.008    0.000    0.008    0.000 {built-in method posix.stat}
        2    0.000    0.000    0.000    0.000 {built-in method posix.uname}
        2    0.000    0.000    0.000    0.000 {built-in method posix.unsetenv}
        1    0.000    0.000    0.000    0.000 {built-in method posix.urandom}
        1    0.000    0.000    0.000    0.000 {built-in method posix.waitpid}
       18    0.000    0.000    0.000    0.000 {built-in method sys._getframe}
       18    0.000    0.000    0.000    0.000 {built-in method sys.intern}
        1    0.000    0.000    0.000    0.000 {function Random.seed at 0x7fb3b9c47680}
        3    0.000    0.000    0.000    0.000 {method '__array_prepare__' of 'numpy.ndarray' objects}
      103    0.000    0.000    0.000    0.000 {method '__contains__' of 'frozenset' objects}
        1    0.000    0.000    0.000    0.000 {method '__enter__' of '_thread.lock' objects}
        1    0.000    0.000    0.000    0.000 {method '__exit__' of '_thread.lock' objects}
        1    0.000    0.000    0.000    0.000 {method 'accumulate' of 'numpy.ufunc' objects}
        2    0.000    0.000    0.000    0.000 {method 'acquire' of '_thread.lock' objects}
      280    0.000    0.000    0.000    0.000 {method 'add' of 'set' objects}
        1    0.000    0.000    0.000    0.000 {method 'any' of 'numpy.generic' objects}
     3557    0.000    0.000    0.000    0.000 {method 'append' of 'list' objects}
        5    0.000    0.000    0.000    0.000 {method 'astype' of 'numpy.ndarray' objects}
        3    0.000    0.000    0.000    0.000 {method 'bit_length' of 'int' objects}
        1    0.000    0.000    0.000    0.000 {method 'cast' of 'memoryview' objects}
        2    0.000    0.000    0.000    0.000 {method 'clear' of 'dict' objects}
        2    0.000    0.000    0.000    0.000 {method 'close' of '_io.TextIOWrapper' objects}
        3    0.000    0.000    0.000    0.000 {method 'copy' of 'list' objects}
       60    0.000    0.000    0.000    0.000 {method 'copy' of 'numpy.ndarray' objects}
        1    0.000    0.000    0.000    0.000 {method 'disable' of '_lsprof.Profiler' objects}
       15    0.000    0.000    0.000    0.000 {method 'discard' of 'set' objects}
        1    0.000    0.000    0.000    0.000 {method 'dot' of 'numpy.ndarray' objects}
       14    0.000    0.000    0.000    0.000 {method 'encode' of 'str' objects}
        6    0.000    0.000    0.000    0.000 {method 'end' of 're.Match' objects}
      229    0.000    0.000    0.000    0.000 {method 'endswith' of 'str' objects}
       28    0.000    0.000    0.000    0.000 {method 'expandtabs' of 'str' objects}
       95    0.000    0.000    0.000    0.000 {method 'extend' of 'list' objects}
      243    0.000    0.000    0.000    0.000 {method 'find' of 'bytearray' objects}
        1    0.000    0.000    0.000    0.000 {method 'find' of 'str' objects}
        5    0.000    0.000    0.000    0.000 {method 'findall' of 're.Pattern' objects}
      666    0.001    0.000    0.001    0.000 {method 'format' of 'str' objects}
      585    0.000    0.000    0.000    0.000 {method 'get' of 'dict' objects}
       68    0.000    0.000    0.000    0.000 {method 'get' of 'mappingproxy' objects}
        1    0.000    0.000    0.000    0.000 {method 'groups' of 're.Match' objects}
        7    0.000    0.000    0.000    0.000 {method 'insert' of 'list' objects}
      107    0.000    0.000    0.000    0.000 {method 'isidentifier' of 'str' objects}
       67    0.000    0.000    0.000    0.000 {method 'isupper' of 'str' objects}
       42    0.000    0.000    0.000    0.000 {method 'items' of 'collections.OrderedDict' objects}
       52    0.000    0.000    0.000    0.000 {method 'items' of 'dict' objects}
       20    0.000    0.000    0.000    0.000 {method 'items' of 'mappingproxy' objects}
     2232    0.001    0.000    0.008    0.000 {method 'join' of 'str' objects}
        5    0.000    0.000    0.000    0.000 {method 'keys' of 'dict' objects}
      298    0.000    0.000    0.000    0.000 {method 'lower' of 'str' objects}
      877    0.000    0.000    0.000    0.000 {method 'lstrip' of 'str' objects}
      109    0.000    0.000    0.000    0.000 {method 'match' of 're.Pattern' objects}
        4    0.000    0.000    0.000    0.000 {method 'mro' of 'type' objects}
        1    0.000    0.000    0.000    0.000 {method 'newbyteorder' of 'numpy.generic' objects}
       10    0.000    0.000    0.000    0.000 {method 'partition' of 'str' objects}
       21    0.000    0.000    0.000    0.000 {method 'pop' of 'dict' objects}
       48    0.000    0.000    0.000    0.000 {method 'pop' of 'list' objects}
        2    0.000    0.000    0.000    0.000 {method 'ravel' of 'numpy.ndarray' objects}
      132    0.002    0.000    0.002    0.000 {method 'read' of '_io.FileIO' objects}
        3    0.005    0.002    0.005    0.002 {method 'read' of '_io.TextIOWrapper' objects}
        2    0.000    0.000    0.000    0.000 {method 'reduce' of 'numpy.ufunc' objects}
        7    0.000    0.000    0.000    0.000 {method 'remove' of 'list' objects}
       53    0.000    0.000    0.000    0.000 {method 'replace' of 'str' objects}
        1    0.000    0.000    0.000    0.000 {method 'reshape' of 'numpy.ndarray' objects}
        1    0.000    0.000    0.000    0.000 {method 'rfind' of 'bytes' objects}
        8    0.000    0.000    0.000    0.000 {method 'rfind' of 'str' objects}
     1392    0.000    0.000    0.000    0.000 {method 'rpartition' of 'str' objects}
        1    0.000    0.000    0.000    0.000 {method 'rstrip' of 'bytes' objects}
     3635    0.001    0.000    0.001    0.000 {method 'rstrip' of 'str' objects}
       38    0.000    0.000    0.000    0.000 {method 'setdefault' of 'dict' objects}
       13    0.000    0.000    0.000    0.000 {method 'setter' of 'property' objects}
        5    0.000    0.000    0.000    0.000 {method 'sort' of 'list' objects}
       14    0.000    0.000    0.000    0.000 {method 'split' of 're.Pattern' objects}
       49    0.000    0.000    0.000    0.000 {method 'split' of 'str' objects}
        1    0.000    0.000    0.000    0.000 {method 'squeeze' of 'numpy.ndarray' objects}
      403    0.000    0.000    0.000    0.000 {method 'startswith' of 'str' objects}
      314    0.000    0.000    0.000    0.000 {method 'strip' of 'str' objects}
       10    0.000    0.000    0.000    0.000 {method 'sub' of 're.Pattern' objects}
        1    0.000    0.000    0.000    0.000 {method 'sum' of 'numpy.ndarray' objects}
        1    0.000    0.000    0.000    0.000 {method 'tobytes' of 'numpy.generic' objects}
        1    0.000    0.000    0.000    0.000 {method 'tolist' of 'memoryview' objects}
       13    0.000    0.000    0.000    0.000 {method 'translate' of 'bytearray' objects}
       49    0.000    0.000    0.000    0.000 {method 'translate' of 'str' objects}
        1    0.000    0.000    0.000    0.000 {method 'union' of 'set' objects}
      359    0.000    0.000    0.000    0.000 {method 'update' of 'dict' objects}
       36    0.000    0.000    0.000    0.000 {method 'upper' of 'str' objects}
       17    0.000    0.000    0.000    0.000 {method 'values' of 'dict' objects}
        1    0.000    0.000    0.000    0.000 {method 'view' of 'numpy.generic' objects}
      4/3    0.000    0.000    0.000    0.000 {method 'view' of 'numpy.ndarray' objects}


